Unity Editor version:    2022.3.22f1 (887be4894c44)
Branch:                  2022.3/staging
Build type:              Release
Batch mode:              YES
macOS version:           Version 12.0.1 (Build 21A559)
Darwin version:          21.1.0
Architecture:            arm64
Running under Rosetta:   NO
Available memory:        16384 MB
Using pre-set license
Pro License: YES

COMMAND LINE ARGUMENTS:
/Applications/Unity/Hub/Editor/2022.3.22f1/Unity.app/Contents/MacOS/Unity
-adb2
-batchMode
-noUpm
-name
AssetImportWorker1
-projectPath
/Users/aleksandrkazulin/Documents/GitHub/TestTeeth/ProjectTeeth
-logFile
Logs/AssetImportWorker1.log
-srvPort
62164
Successfully changed project path to: /Users/aleksandrkazulin/Documents/GitHub/TestTeeth/ProjectTeeth
/Users/aleksandrkazulin/Documents/GitHub/TestTeeth/ProjectTeeth
[UnityMemory] Configuration Parameters - Can be set up in boot.config
    "memorysetup-bucket-allocator-granularity=16"
    "memorysetup-bucket-allocator-bucket-count=8"
    "memorysetup-bucket-allocator-block-size=33554432"
    "memorysetup-bucket-allocator-block-count=8"
    "memorysetup-main-allocator-block-size=16777216"
    "memorysetup-thread-allocator-block-size=16777216"
    "memorysetup-gfx-main-allocator-block-size=16777216"
    "memorysetup-gfx-thread-allocator-block-size=16777216"
    "memorysetup-cache-allocator-block-size=4194304"
    "memorysetup-typetree-allocator-block-size=2097152"
    "memorysetup-profiler-bucket-allocator-granularity=16"
    "memorysetup-profiler-bucket-allocator-bucket-count=8"
    "memorysetup-profiler-bucket-allocator-block-size=33554432"
    "memorysetup-profiler-bucket-allocator-block-count=8"
    "memorysetup-profiler-allocator-block-size=16777216"
    "memorysetup-profiler-editor-allocator-block-size=1048576"
    "memorysetup-temp-allocator-size-main=16777216"
    "memorysetup-job-temp-allocator-block-size=2097152"
    "memorysetup-job-temp-allocator-block-size-background=1048576"
    "memorysetup-job-temp-allocator-reduction-small-platforms=262144"
    "memorysetup-allocator-temp-initial-block-size-main=262144"
    "memorysetup-allocator-temp-initial-block-size-worker=262144"
    "memorysetup-temp-allocator-size-background-worker=32768"
    "memorysetup-temp-allocator-size-job-worker=262144"
    "memorysetup-temp-allocator-size-preload-manager=33554432"
    "memorysetup-temp-allocator-size-nav-mesh-worker=65536"
    "memorysetup-temp-allocator-size-audio-worker=65536"
    "memorysetup-temp-allocator-size-cloud-worker=32768"
    "memorysetup-temp-allocator-size-gi-baking-worker=262144"
    "memorysetup-temp-allocator-size-gfx=262144"
Player connection [4415833472] Host "[IP] 10.1.36.89 [Port] 0 [Flags] 2 [Guid] 420781618 [EditorId] 420781618 [Version] 1048832 [Id] OSXEditor(0,iMac-Aleksandr.local) [Debug] 1 [PackageName] OSXEditor [ProjectName] Editor" joined multi-casting on [225.0.0.222:54997]...

Player connection [4415833472] Host "[IP] 10.1.36.89 [Port] 0 [Flags] 2 [Guid] 420781618 [EditorId] 420781618 [Version] 1048832 [Id] OSXEditor(0,iMac-Aleksandr.local) [Debug] 1 [PackageName] OSXEditor [ProjectName] Editor" joined alternative multi-casting on [225.0.0.222:34997]...

[Physics::Module] Initialized MultithreadedJobDispatcher with 7 workers.
Refreshing native plugins compatible for Editor in 14.68 ms, found 3 plugins.
Preloading 0 native plugins for Editor in 0.00 ms.
Initialize engine version: 2022.3.22f1 (887be4894c44)
[Subsystems] Discovering subsystems at path /Applications/Unity/Hub/Editor/2022.3.22f1/Unity.app/Contents/Resources/UnitySubsystems
[Subsystems] Discovering subsystems at path /Users/aleksandrkazulin/Documents/GitHub/TestTeeth/ProjectTeeth/Assets
GfxDevice: creating device client; threaded=0; jobified=0
 preferred device: Apple M1 (high power)
Metal devices available: 1
0: Apple M1 (high power)
Using device Apple M1 (high power)
Initializing Metal device caps: Apple M1
Initialize mono
Mono path[0] = '/Applications/Unity/Hub/Editor/2022.3.22f1/Unity.app/Contents/Managed'
Mono path[1] = '/Applications/Unity/Hub/Editor/2022.3.22f1/Unity.app/Contents/MonoBleedingEdge/lib/mono/unityjit-macos'
Mono config path = '/Applications/Unity/Hub/Editor/2022.3.22f1/Unity.app/Contents/MonoBleedingEdge/etc'
Using monoOptions --debugger-agent=transport=dt_socket,embedding=1,server=y,suspend=n,address=127.0.0.1:56027
Begin MonoManager ReloadAssembly
Registering precompiled unity dll's ...
Register platform support module: /Applications/Unity/Hub/Editor/2022.3.22f1/PlaybackEngines/WebGLSupport/UnityEditor.WebGL.Extensions.dll
Register platform support module: /Applications/Unity/Hub/Editor/2022.3.22f1/Unity.app/Contents/PlaybackEngines/MacStandaloneSupport/UnityEditor.OSXStandalone.Extensions.dll
Registered in 0.003174 seconds.
- Loaded All Assemblies, in  0.300 seconds
Native extension for OSXStandalone target not found
Native extension for WebGL target not found
Mono: successfully reloaded assembly
- Finished resetting the current domain, in  0.181 seconds
Domain Reload Profiling: 481ms
	BeginReloadAssembly (110ms)
		ExecutionOrderSort (0ms)
		DisableScriptedObjects (0ms)
		BackupInstance (0ms)
		ReleaseScriptingObjects (0ms)
		CreateAndSetChildDomain (1ms)
	RebuildCommonClasses (28ms)
	RebuildNativeTypeToScriptingClass (9ms)
	initialDomainReloadingComplete (37ms)
	LoadAllAssembliesAndSetupDomain (116ms)
		LoadAssemblies (110ms)
		RebuildTransferFunctionScriptingTraits (0ms)
		AnalyzeDomain (114ms)
			TypeCache.Refresh (114ms)
				TypeCache.ScanAssembly (103ms)
			ScanForSourceGeneratedMonoScriptInfo (0ms)
			ResolveRequiredComponents (0ms)
	FinalizeReload (181ms)
		ReleaseScriptCaches (0ms)
		RebuildScriptCaches (0ms)
		SetupLoadedEditorAssemblies (140ms)
			LogAssemblyErrors (0ms)
			InitializePlatformSupportModulesInManaged (7ms)
			SetLoadedEditorAssemblies (4ms)
			RefreshPlugins (0ms)
			BeforeProcessingInitializeOnLoad (1ms)
			ProcessInitializeOnLoadAttributes (97ms)
			ProcessInitializeOnLoadMethodAttributes (30ms)
			AfterProcessingInitializeOnLoad (0ms)
			EditorAssembliesLoaded (0ms)
		ExecutionOrderSort2 (0ms)
		AwakeInstancesAfterBackupRestoration (0ms)
========================================================================
Worker process is ready to serve import requests
Begin MonoManager ReloadAssembly
Duplicate assembly 'Newtonsoft.Json.dll' with different versions detected, using 'Packages/com.unity.nuget.newtonsoft-json/Runtime/Newtonsoft.Json.dll, AssemblyName=Newtonsoft.Json, Version=13.0.0.0, Culture=neutral, PublicKeyToken=30ad4fe6b2a6aeed' and ignoring 'Assets/WanzyeeStudio/ThirdParty/SaladLab/Json.Net.Unity3D/Plugins/Newtonsoft.Json.dll, AssemblyName=Newtonsoft.Json, Version=9.0.0.0, Culture=neutral, PublicKeyToken=null'.Symbol file LoadedFromMemory is not a mono symbol file
- Loaded All Assemblies, in  0.556 seconds
Refreshing native plugins compatible for Editor in 1.58 ms, found 3 plugins.
Native extension for OSXStandalone target not found
Native extension for WebGL target not found
Package Manager log level set to [2]
[Package Manager] Server::EnsureServerProcessIsRunning -- launch failed, reason: Unity was launched with the -noUpm command-line argument
[Package Manager] UpmClient::Send -- Unable to send message (not connected to UPM process).
[Package Manager] Cannot connect to Unity Package Manager local server
Mono: successfully reloaded assembly
- Finished resetting the current domain, in  0.616 seconds
Domain Reload Profiling: 1173ms
	BeginReloadAssembly (107ms)
		ExecutionOrderSort (0ms)
		DisableScriptedObjects (4ms)
		BackupInstance (0ms)
		ReleaseScriptingObjects (0ms)
		CreateAndSetChildDomain (34ms)
	RebuildCommonClasses (32ms)
	RebuildNativeTypeToScriptingClass (10ms)
	initialDomainReloadingComplete (28ms)
	LoadAllAssembliesAndSetupDomain (379ms)
		LoadAssemblies (269ms)
		RebuildTransferFunctionScriptingTraits (0ms)
		AnalyzeDomain (156ms)
			TypeCache.Refresh (142ms)
				TypeCache.ScanAssembly (123ms)
			ScanForSourceGeneratedMonoScriptInfo (9ms)
			ResolveRequiredComponents (4ms)
	FinalizeReload (616ms)
		ReleaseScriptCaches (0ms)
		RebuildScriptCaches (0ms)
		SetupLoadedEditorAssemblies (500ms)
			LogAssemblyErrors (0ms)
			InitializePlatformSupportModulesInManaged (4ms)
			SetLoadedEditorAssemblies (3ms)
			RefreshPlugins (0ms)
			BeforeProcessingInitializeOnLoad (39ms)
			ProcessInitializeOnLoadAttributes (224ms)
			ProcessInitializeOnLoadMethodAttributes (228ms)
			AfterProcessingInitializeOnLoad (1ms)
			EditorAssembliesLoaded (0ms)
		ExecutionOrderSort2 (0ms)
		AwakeInstancesAfterBackupRestoration (3ms)
Launching external process: /Applications/Unity/Hub/Editor/2022.3.22f1/Unity.app/Contents/Tools/UnityShaderCompiler
Launched and connected shader compiler UnityShaderCompiler after 0.05 seconds
Refreshing native plugins compatible for Editor in 1.59 ms, found 3 plugins.
Preloading 0 native plugins for Editor in 0.00 ms.
Unloading 3161 Unused Serialized files (Serialized files now loaded: 0)
Unloading 45 unused Assets / (61.3 KB). Loaded Objects now: 3610.
Memory consumption went from 315.8 MB to 315.7 MB.
Total: 2.935750 ms (FindLiveObjects: 0.178000 ms CreateObjectMapping: 0.045375 ms MarkObjects: 2.595375 ms  DeleteObjects: 0.115834 ms)

AssetImportParameters requested are different than current active one (requested -> active):
  custom:scripting/monoscript/fileName/Common.cs: 6ffc11e45ee8ab7a7d4178988978e63b -> 
  custom:scripting/monoscript/fileName/uint3x3.gen.cs: b354ea0e62ee3ca695eba400f73bf8a2 -> 
  custom:scripting/monoscript/fileName/BurstCompiler.cs: 7b21670e31210e9f8a136d10cb1b9317 -> 
  custom:scripting/monoscript/fileName/Deprecated.cs: 6d0ac89cd9b4b8eb26eaed33e326a054 -> 
  custom:scripting/monoscript/fileName/double4.gen.cs: c861322ff5ab8c01e3e4b508791cf124 -> 
  custom:scripting/monoscript/fileName/BurstDisassembler.Core.Wasm.info.cs: b15d06942db1ac71042be253eef84e7f -> 
  custom:scripting/monoscript/fileName/rigid_transform.cs: 36bbdd985ffacdf5ee0745cfd3a1f08d -> 
  custom:scripting/monoscript/fileName/CollectionsAllocationExamples.cs: 72ea6f1c8990c690aca4410bcc8d43b6 -> 
  custom:scripting/monoscript/fileName/NetworkObjectRefreshTool.cs: f08a5a5ce9410befed12c880e7a11d4b -> 
  custom:scripting/monoscript/fileName/FixedList.gen.cs: 61852e4544d489e0d5903eb98b98e308 -> 
  custom:scripting/monoscript/fileName/NetworkTransport.cs: 02aa7363c66830bf60e6de875ba306e2 -> 
  custom:scripting/monoscript/fileName/PropertyAttributes.cs: f9be6ff8022c2b7e9364b782f234d192 -> 
  custom:scripting/monoscript/fileName/Arithmetic.cs: a7b7c17b1cd9c05bbbdf34bcc4089d90 -> 
  custom:scripting/monoscript/fileName/BurstInspectorGUI.cs: 3b3371d5330c1720f59a915caa210691 -> 
  custom:scripting/monoscript/fileName/Aliasing.cs: fa54b7e36cebab64c6f4b438ce5bbbb0 -> 
  custom:scripting/monoscript/fileName/ConnectionApprovedMessage.cs: ed3d79551502ea547a6907f318a331a9 -> 
  custom:scripting/monoscript/fileName/BurstAotCompiler.cs: a41b7d0d053e0898c09eec7c4f1c3c21 -> 
  custom:scripting/monoscript/fileName/SceneEventData.cs: da390a83a67886593e104db14fd81a3f -> 
  custom:scripting/monoscript/fileName/uint4x4.gen.cs: 7732c53bd697b7eb03dd735297da0fc1 -> 
  custom:scripting/monoscript/fileName/NetworkPrefabsList.cs: 32a5456a7c28b58eb9408da8a93ef18f -> 
  custom:scripting/monoscript/fileName/ByteBool.cs: fa079abe851cce7291e90b6cea590e4d -> 
  custom:scripting/monoscript/fileName/INetworkMessage.cs: dcf3bb31758f8bf5812efb417901a058 -> 
  custom:scripting/monoscript/fileName/NetworkProtocol.cs: 26a98a05dffdeea627f93182ce2c6cc1 -> 
  custom:container-demuxer-ogg: 62fdf1f143b41e24485cea50d1cbac27 -> 
  custom:scripting/monoscript/fileName/int2.gen.cs: ba08380188673eb89fbe6c63125635e5 -> 
  custom:scripting/monoscript/fileName/ISceneManagerHandler.cs: e6f8786ee1c80c18570f6fc1ff21bd77 -> 
  custom:scripting/monoscript/fileName/v64.cs: 73e2a46ccd31f5cae0a785e2a9658313 -> 
  custom:scripting/monoscript/fileName/Avx2.cs: 790f25d56fba1e7a48c0a0766c0ad6a6 -> 
  custom:scripting/monoscript/fileName/BurstDisassembler.Core.x86.cs: b15d06942db1ac71042be253eef84e7f -> 
  custom:scripting/monoscript/fileName/RelayMessageBind.cs: 9ccad22758442a1e73fba9818da057a8 -> 
  custom:scripting/monoscript/fileName/int4.gen.cs: 6202c51352f8408238811f81cf17884b -> 
  custom:scripting/monoscript/fileName/NotListeningException.cs: 3f7b3b1b4f5852c3c04fe77018e507fb -> 
  custom:scripting/monoscript/fileName/NetworkBatchHeader.cs: debb07d5699d1363972b294af6561902 -> 
  custom:scripting/monoscript/fileName/noise3D.cs: 2eb29bf877494e27d7b8d68303a33727 -> 
  custom:scripting/monoscript/fileName/FastBufferReader.cs: 8513d847dd12fa467b200788844968e5 -> 
  custom:scripting/monoscript/fileName/NetworkTime.cs: d0016190071180cb19c72d61d3207cfc -> 
  custom:scripting/monoscript/fileName/NotMeRpcTarget.cs: 6df16052ff0381b146cb5811982e2867 -> 
  custom:scripting/monoscript/fileName/UnityTransport.cs: d10982aa913af4f7c2573ed406401ad2 -> 
  custom:scripting/monoscript/fileName/BurstDisassembler.Core.LLVMIR.cs: b15d06942db1ac71042be253eef84e7f -> 
  custom:scripting/monoscript/fileName/SceneEventMessage.cs: a54ca612fe559926a56356c5834e34a1 -> 
  custom:scripting/monoscript/fileName/SecureParameters.cs: f1d88e84e15861efec1fee7304224660 -> 
  custom:scripting/monoscript/fileName/FastBufferWriter.cs: 1e26245c7ba0fa0a11e67804d1702dba -> 
  custom:scripting/monoscript/fileName/NetworkList.cs: 0cdf409b5aa8d4c25876d72b5c6a3b60 -> 
  custom:scripting/monoscript/fileName/float4x2.gen.cs: a70cf4e9d29e9357ba0e68d3ee43ce34 -> 
  custom:scripting/monoscript/fileName/Bmi2.cs: 790f25d56fba1e7a48c0a0766c0ad6a6 -> 
  custom:scripting/monoscript/fileName/DeferredMessageManager.cs: 4516c26bdcc9ea987f6db224d021e5d8 -> 
  custom:scripting/monoscript/fileName/SimulatorPipelineStage.cs: ba4d0ab2b1a54517e3f6421cfeffc79c -> 
  custom:scripting/monoscript/fileName/SimdDebugViews.cs: ee065a215655effb5244eeef3e220fd7 -> 
  custom:scripting/monoscript/fileName/UnnamedMessage.cs: c398b7d7cb47e9d74c47301c7552078d -> 
  custom:scripting/monoscript/fileName/RelayAllocationId.cs: 492d752e0aad24c2edfed375d0d7525a -> 
  custom:scripting/monoscript/fileName/RelayMessagePing.cs: 79dc63e73f156a5f43776fc7879c1591 -> 
  custom:scripting/monoscript/fileName/BurstDisassembler.Core.ARM64.cs: b15d06942db1ac71042be253eef84e7f -> 
  custom:scripting/monoscript/fileName/UnsafeScratchAllocator.cs: 4face5614d3825fa48ae79289f69aa1b -> 
  custom:scripting/monoscript/fileName/NullNetworkMetrics.cs: 470cdbef1e1173c806470b2cf2f35b2f -> 
  custom:scripting/monoscript/fileName/half3.gen.cs: 935b3c49f9c5126f28352e4a48406e0a -> 
  custom:scripting/monoscript/fileName/UIntFloat.cs: 94aaf89d89cbe558dfbe57e0eb69f75e -> 
  custom:scripting/monoscript/fileName/Bmi1.cs: 790f25d56fba1e7a48c0a0766c0ad6a6 -> 
  custom:scripting/monoscript/fileName/BurstCompatibilityTests.cs: 7d7c24becd314d1054104dfc27a7e1e1 -> 
  custom:scripting/monoscript/fileName/RealTimeProvider.cs: 0d7bc7c1138c242d43d9d40fc8b929e1 -> 
  custom:scripting/monoscript/fileName/NetworkConfig.cs: 91cc5011ef219705a541c0073b8f06e7 -> 
  custom:scripting/monoscript/fileName/BurstDisassembler.Core.cs: e5f812d5efcd2a5c78433604ae4d6b38 -> 
  custom:scripting/monoscript/fileName/uint2x4.gen.cs: 817d68c720fa6aa9b67a61d7c1b206d0 -> 
  custom:scripting/monoscript/fileName/SimulatorUtility.cs: f0e0732866b862d8bc77bce3114331fa -> 
  custom:scripting/monoscript/fileName/SHA256.cs: 99bc3f026885ee77510971488cfcde04 -> 
  custom:scripting/monoscript/fileName/BitField.cs: 435cec31f980ea5ce1d1e89b13684a57 -> 
  custom:video-decoder-ogg-theora: a1e56fd34408186e4bbccfd4996cb3dc -> 
  custom:scripting/monoscript/fileName/NativeQueue.cs: 0e981ce8b9429d0fa5b8752248b5a6fd -> 
  custom:scripting/monoscript/fileName/NetworkVariableDeltaMessage.cs: 001e7d6f7ca3478ada2109862aa4c07b -> 
  custom:scripting/monoscript/fileName/RelayMessageRelay.cs: c98ae91cd46c469d0457213817d83a4e -> 
  custom:scripting/monoscript/fileName/bool4.gen.cs: ca7c0171e1585aef1c2900b66db0977a -> 
  custom:scripting/monoscript/fileName/NetworkMessageHeader.cs: 139a2c2e283b9642c4cd453ba9555eba -> 
  custom:scripting/monoscript/fileName/UnsafeUtilityEx.cs: 51fdf80e1733ea661389b0969168e4eb -> 
  custom:scripting/monoscript/fileName/NativeArrayExtensions.cs: 480ae80e25a67512135651e8db7b75bc -> 
  custom:scripting/monoscript/fileName/BurstLoader.cs: ff77f8ae1ba38c1e7af1923752743ddf -> 
  custom:scripting/monoscript/fileName/float4x3.gen.cs: 82da2e74a1c9948cc673acd7425c23e5 -> 
  custom:scripting/monoscript/fileName/float3x4.gen.cs: f425eda36f0a9a6a9785ce693ab31c65 -> 
  custom:scripting/monoscript/fileName/bool4x4.gen.cs: 832d1ba72f52e457d65ecd6ca1ba2b2e -> 
  custom:scripting/monoscript/fileName/math_unity_conversion.cs: 717272b42fdbca1935830b3071b2da3c -> 
  custom:scripting/monoscript/fileName/BitWriter.cs: 36912492eb02c955a69572a18c02e40d -> 
  custom:scripting/monoscript/fileName/QuaternionCompressor.cs: 4a0797597600d5c1e3b3cea2e469befc -> 
  custom:scripting/monoscript/fileName/NetworkRigidbody2D.cs: 99601db3013c9f01627c572e6735e1bb -> 
  custom:scripting/monoscript/fileName/SessionIdToken.cs: 205bfe2247db3d45a3449ff0e4f05ec7 -> 
  custom:scripting/monoscript/fileName/double3x3.gen.cs: cf2bca4cc9e8b93d47929417a1a999f7 -> 
  custom:scripting/monoscript/fileName/NoAliasAttribute.cs: 47e40919f04b49dc8701e6216f1351d4 -> 
  custom:scripting/monoscript/fileName/NetworkManagerHooks.cs: 8945a80465ac4eac42db4a904b158b67 -> 
  custom:scripting/monoscript/fileName/NEON_AArch64_crypto.cs: 68ba95faf7f0f0403852fb6af2a2f956 -> 
  custom:scripting/monoscript/fileName/NetworkPipeline.cs: 70d28bdd3dc828fd4c167b9881db0050 -> 
  custom:scripting/monoscript/fileName/RelayConnectionData.cs: 659fdc58c857ad1b213f82a5000d44dc -> 
  custom:scripting/monoscript/fileName/UTF8ArrayUnsafeUtility.cs: 98dd75294b6f494d8648143302130ee6 -> 
  custom:scripting/monoscript/fileName/double3x2.gen.cs: 87fbe5b4a5a90e3c915d83933bb7a691 -> 
  custom:scripting/monoscript/fileName/bool3x2.gen.cs: 6ad67e842e9f001f4905675e041c0394 -> 
  custom:scripting/monoscript/fileName/ProxyRpcTargetGroup.cs: 72cd9160d52dfceb0b7ec23377ef92bc -> 
  custom:scripting/monoscript/fileName/NetworkLog.cs: a563f3c16454f145f9a41ef0dd93ed59 -> 
  custom:scripting/monoscript/fileName/LocalSendRpcTarget.cs: 429504b4e69108959a3e781c1932ade7 -> 
  custom:scripting/monoscript/fileName/half2.gen.cs: a6f90a50ab057fcfbb93f80dff9467ec -> 
  custom:scripting/monoscript/fileName/NetworkConfigurationException.cs: 56f557a94ae37464ac8b938ebbac45d7 -> 
  custom:scripting/monoscript/fileName/RelayMessageAccepted.cs: 6200d76b6e6985460eac6caef44f5940 -> 
  custom:scripting/monoscript/fileName/NetworkConnectionManager.cs: 74cc18901f71a01bb24f11e3f01fb140 -> 
  custom:scripting/monoscript/fileName/Il2CppEagerStaticClassConstructionAttribute.cs: 5ae90a36296d2fe83dd98e9361e907e8 -> 
  custom:scripting/monoscript/fileName/FixedStringFormat.gen.cs: bee80dd64417b695a3ab4edd137d6566 -> 
  custom:scripting/monoscript/fileName/v128.cs: e021cba7e9c369437e29248cab7adb92 -> 
  custom:scripting/monoscript/fileName/RelayNetworkProtocol.cs: 6c7a45c101c93a067ff86901af01f4bf -> 
  custom:scripting/monoscript/fileName/NetworkPrefab.cs: 8c18350563dca0564346732dd42dddda -> 
  custom:scripting/monoscript/fileName/ClientDisconnectedMessage.cs: 2109d617e6dd343d9c57abe284cba210 -> 
  custom:scripting/monoscript/fileName/SecureNetworkProtocol.cs: 5c3cc90362d99f71c6f6c3bf17fbceae -> 
  custom:scripting/monoscript/fileName/NetworkBehaviourEditor.cs: a05e29a9f9fbb9542dd690d3dbb5c1f5 -> 
  custom:scripting/monoscript/fileName/AtomicFreeList.cs: a8dd8908b6032505859286fb3945a4ab -> 
  custom:scripting/monoscript/fileName/cellular2x2.cs: 2eb29bf877494e27d7b8d68303a33727 -> 
  custom:scripting/monoscript/fileName/half.cs: cf3f2b0bcee127ccdac6d87167bcc406 -> 
  custom:scripting/monoscript/fileName/NativeSort.cs: 928f4174a21486fd6ff139d2de03d8ce -> 
  custom:scripting/monoscript/fileName/Unicode.cs: f97bf556b0d99c0ed9d5ebf00a173353 -> 
  custom:scripting/monoscript/fileName/SharedStatic.cs: f05c0e41a9966bdff75df2ec1c0154e3 -> 
  custom:scripting/monoscript/fileName/NetworkVariable.cs: 90647cc400823b41df847a6cbfc29026 -> 
  custom:scripting/monoscript/fileName/ParentSyncMessage.cs: 2ce8261636bc853f2b92e8e50083aa6f -> 
  custom:scripting/monoscript/fileName/Sse3.cs: 790f25d56fba1e7a48c0a0766c0ad6a6 -> 
  custom:scripting/monoscript/fileName/noise3Dgrad.cs: 2eb29bf877494e27d7b8d68303a33727 -> 
  custom:scripting/monoscript/fileName/BurstDisassembler.Core.ARM64.info.cs: b15d06942db1ac71042be253eef84e7f -> 
  custom:scripting/monoscript/fileName/NetworkManagerEditor.cs: 2c598c1edd8d7202c54c788bca75189c -> 
  custom:scripting/monoscript/fileName/bool4x2.gen.cs: 5e92d30f937bc7e4e4a07b2b81c06b27 -> 
  custom:scripting/monoscript/fileName/Plane.cs: 69547098044c0683a5ff9d9b8674a0ba -> 
  custom:scripting/monoscript/fileName/PostProcessorReflectionImporterProvider.cs: aec8203d830f7edb79d4140ee801944f -> 
  custom:scripting/monoscript/fileName/UnsafeAppendBuffer.cs: 5a9572fb3414d7d386993b9deda40896 -> 
  custom:scripting/monoscript/fileName/ILSupport.cs: 0235838d6b29a51c1ddf19e26b98dc50 -> 
  custom:scripting/monoscript/fileName/NetworkVariableSerialization.cs: 445c413be6993f150a80965fc54aa74f -> 
  custom:scripting/monoscript/fileName/ClientsAndHostRpcTarget.cs: 2d10680671868aecbbb1f0a41e2025dd -> 
  custom:scripting/monoscript/fileName/NetworkMetricsManager.cs: b88c76262c9baa2b48f2df647e570a64 -> 
  custom:CustomObjectIndexerAttribute: 9a22284fe3817be447336de3de66b15e -> 
  custom:scripting/monoscript/fileName/classicnoise3D.cs: 2eb29bf877494e27d7b8d68303a33727 -> 
  custom:scripting/monoscript/fileName/NetworkBehaviourILPP.cs: 314e1be425ddbea30b94313dbcbc1e7c -> 
  custom:scripting/monoscript/fileName/MinMaxAABB.cs: 87e440667b74c17b186d7505988d93e6 -> 
  custom:scripting/monoscript/fileName/SceneEventProgress.cs: 49c6adb8ee9cc0924ec05eba76f89442 -> 
  custom:scripting/monoscript/fileName/ClientConnectedMessage.cs: fd29ffe92ecda60ed3a2ef96fb424fb6 -> 
  custom:scripting/monoscript/fileName/NEON_AArch64_rdma.cs: 68ba95faf7f0f0403852fb6af2a2f956 -> 
  custom:scripting/monoscript/fileName/double2x2.gen.cs: 1b24b88380b01d73274245c8a3f891ca -> 
  custom:scripting/monoscript/fileName/TimeSyncMessage.cs: 986b394bf41fc432571ee2027d55e040 -> 
  custom:scripting/monoscript/fileName/ProxyMessage.cs: 73bcf6d576829ba5362e77fec768cd43 -> 
  custom:scripting/monoscript/fileName/UnsafeBitArray.cs: be9a302f17ebba9c8bfe6d9fc79836b3 -> 
  custom:scripting/monoscript/fileName/EveryoneRpcTarget.cs: 346227879f3026e990d4258dd306751d -> 
  custom:scripting/monoscript/fileName/v256.cs: 47c636eb6f790c9afbde51106c5c5b53 -> 
  custom:scripting/monoscript/fileName/NativeHashSetExtensions.gen.cs: 63db070ab3fd6601a2653ee7ef6af335 -> 
  custom:scripting/monoscript/fileName/BatchedReceiveQueue.cs: c6ee3f7d9eb51ca496b00c554cde523d -> 
  custom:scripting/monoscript/fileName/FunctionPointerInvokeTransform.cs: 87582112a32f635e413c776846ec78de -> 
  custom:scripting/monoscript/fileName/Csr.cs: 790f25d56fba1e7a48c0a0766c0ad6a6 -> 
  custom:scripting/monoscript/fileName/NativeHashMapExtensions.cs: a0b4921e21fd612511729421feb17818 -> 
  custom:scripting/monoscript/fileName/float2x2.gen.cs: f203c6ed52cbda2033cd1859a76ab02f -> 
  custom:scripting/monoscript/fileName/CecilExtensions.cs: 300205ae85edbb88d6c0c35c47681451 -> 
  custom:scripting/monoscript/fileName/INetworkInterface.cs: 8198f5690c95503d7d4d3252cbf7ec17 -> 
  custom:container-demuxer-webm: 4f35f7cbe854078d1ac9338744f61a02 -> 
  custom:scripting/monoscript/fileName/BurstDisassembler.Core.x86.info.cs: b15d06942db1ac71042be253eef84e7f -> 
  custom:scripting/monoscript/fileName/bool2x4.gen.cs: 0202187d1d97b3838c3acec749a94370 -> 
  custom:scripting/monoscript/fileName/FixedStringParseMethods.cs: fcdca1abcdc2fd593bd0d11b27b9b2c5 -> 
  custom:scripting/monoscript/fileName/uint2x3.gen.cs: dc149d5147f76ef2e3b7b3e87df71cde -> 
  custom:scripting/monoscript/fileName/INetworkMessageProvider.cs: 855204b84fb829792d6cf395e360d015 -> 
  custom:scripting/monoscript/fileName/GenericContext.cs: 91513e0bd2facda2d12405e8de8d8a9b -> 
  custom:scripting/monoscript/fileName/ServerRpcTarget.cs: 80cf778803d270e803a2f6671539fd4f -> 
  custom:scripting/monoscript/fileName/classicnoise4D.cs: 2eb29bf877494e27d7b8d68303a33727 -> 
  custom:scripting/monoscript/fileName/ProfilingHooks.cs: cec47ca6b38dd9fc23d1f3f0a371a8d7 -> 
  custom:scripting/monoscript/fileName/int4x3.gen.cs: 8504016f71ab8b36158b7cb8a5461a8b -> 
  custom:scripting/monoscript/fileName/classicnoise2D.cs: 2eb29bf877494e27d7b8d68303a33727 -> 
  custom:scripting/monoscript/fileName/INetworkMetrics.cs: 741c72a0988b013e8aaeb541b4e1f88b -> 
  custom:scripting/monoscript/fileName/MatrixDrawer.cs: 54f407ec7134aa445531b0da7f5e0ded -> 
  custom:scripting/monoscript/fileName/NEON_AArch64.cs: 68ba95faf7f0f0403852fb6af2a2f956 -> 
  custom:scripting/monoscript/fileName/float2x4.gen.cs: 8f6e3792d53a47d3e0816efd26cbabde -> 
  custom:scripting/monoscript/fileName/Hint.cs: 35c736c413c7f058326ce656dfcde31e -> 
  custom:scripting/monoscript/fileName/BurstRuntime.cs: dd1cc6bb42ddae27b5305860068dfb8c -> 
  custom:scripting/monoscript/fileName/DefaultMessageSender.cs: c64ad98bb8c1f9b0a83db1b6d1e8e1fc -> 
  custom:scripting/monoscript/fileName/xxHash3.AVX2.cs: bbc99b1bfd2f994ebd53a189bfb34bc9 -> 
  custom:scripting/monoscript/fileName/matrix.gen.cs: 8040951fec6b586df3a34908a47f7536 -> 
  custom:scripting/monoscript/fileName/NetworkTransform.cs: c769443106a56d82bfc75553f1cbcde1 -> 
  custom:scripting/monoscript/fileName/PostNormalizedVectorDrawer.cs: 1e9cc5a1d5ea64a4691d9edff2f31467 -> 
  custom:scripting/monoscript/fileName/UnsafeStream.cs: 256399a9cf220f56a541766f1fe0b55f -> 
  custom:scripting/monoscript/fileName/int2x4.gen.cs: 5edaa4c8e18b723d836f4e66d7a2ad24 -> 
  custom:scripting/monoscript/fileName/NetworkSettings.cs: e69e35ff8abfe612dad603a5aed62b24 -> 
  custom:scripting/monoscript/fileName/OwnerRpcTarget.cs: 1e6402f9ea5ab677665d82d0ab175f31 -> 
  custom:scripting/monoscript/fileName/NamedMessage.cs: 061ac80dde43c0b6a5c6ed7d6ac9d05a -> 
  custom:scripting/monoscript/fileName/double2.gen.cs: 9fcc709faf542a3c28101e289489d3c3 -> 
  custom:scripting/monoscript/fileName/Utilities.cs: 956282667e227b177cffde6ae4f4dca4 -> 
  custom:scripting/monoscript/fileName/NetworkPrefabProcessor.cs: 6fb1018d96ed46c37bea2034d51b936c -> 
  custom:scripting/monoscript/fileName/NetworkCompressionModel.cs: a0e92192cd5454204b92e8ea6a1f8a42 -> 
  custom:scripting/monoscript/fileName/NetcodeSettingsProvider.cs: 9f864a8099b157e12c4bd0b707a7831d -> 
  custom:scripting/monoscript/fileName/bool2x2.gen.cs: 4649c574bdda23c59b5d49d1b662bc61 -> 
  custom:scripting/monoscript/fileName/NetcodeForGameObjectsProjectSettings.cs: 85a8a381728f00963dcc3a11b813cf91 -> 
  custom:scripting/monoscript/fileName/PendingClient.cs: cf90b1fe3604e2a7dbb24acba05d40b2 -> 
  custom:scripting/monoscript/fileName/uint3x2.gen.cs: e9ed99b7eae876425b9236af5d545e3a -> 
  custom:scripting/monoscript/fileName/IRealTimeProvider.cs: fbda76c826b5d1625e9f8d35e0425830 -> 
  custom:scripting/monoscript/fileName/HeapString.gen.cs: 2f8bea3137363b1eadd89d8db8473288 -> 
  custom:scripting/monoscript/fileName/AllocatorManager.cs: 38c7b2bd1aa48880a7078890d02430db -> 
  custom:scripting/monoscript/fileName/RelayMessageConnectRequest.cs: 122325b519d1611e2cfe0cad71f104c8 -> 
  custom:scripting/monoscript/fileName/int2x2.gen.cs: 63739a46f5092b211c341383068e9d3a -> 
  custom:scripting/monoscript/fileName/HMACSHA256.cs: 075451742cd7018a1d69316af47006de -> 
  custom:scripting/monoscript/fileName/FixedStringAppendMethods.cs: fcdca1abcdc2fd593bd0d11b27b9b2c5 -> 
  custom:scripting/monoscript/fileName/uint3.gen.cs: 2439c557987b3f1dafd36143ddfb8c40 -> 
  custom:scripting/monoscript/fileName/SafeStringArrayHelper.cs: c8d46796c0d02dc9724140077fd6c374 -> 
  custom:scripting/monoscript/fileName/NotServerRpcTarget.cs: 1bb0c2ed27d11a7a2c72a08f681c33c5 -> 
  custom:scripting/monoscript/fileName/double4x4.gen.cs: d67599d4a9300cb241e4695cd70324ae -> 
  custom:scripting/monoscript/fileName/NetworkMessageManager.cs: a6627fe7f5b963efa577471b5bd0529e -> 
  custom:scripting/monoscript/fileName/DisconnectReasonMessage.cs: 8dc28c089afa7a92671d3399506a209b -> 
  custom:scripting/monoscript/fileName/ILPPMessageProvider.cs: b7d7beb99225402ea4614285f5c112d2 -> 
  custom:scripting/monoscript/fileName/FunctionPointer.cs: b278ab85034025b7289bef45e0874487 -> 
  custom:scripting/monoscript/fileName/BurstDisassembler.Core.Wasm.cs: b15d06942db1ac71042be253eef84e7f -> 
  custom:container-muxer-webm: aa71ff27fc2769a1b78a27578f13a17b -> 
  custom:scripting/monoscript/fileName/bool2x3.gen.cs: c45708c9bd53a8b7f658164314a10c61 -> 
  custom:scripting/monoscript/fileName/RpcTargetGroup.cs: 371a1e5c3c5f50c180756f1b0ccd97f8 -> 
  custom:scripting/monoscript/fileName/UnsafeMultiHashMap.cs: 0ecf0b5b4a9207402e80b603ad9a119c -> 
  custom:scripting/monoscript/fileName/LabeledPopup.cs: 87f082da9aa2abffd22a5b3019d4e188 -> 
  custom:scripting/monoscript/fileName/BatchedSendQueue.cs: 3cf9ab588444af87b39254394c6fdf73 -> 
  custom:scripting/monoscript/fileName/IDeferredNetworkMessageManager.cs: 6ca6ce9b7cd936c1e2ae9670e4a26257 -> 
  custom:scripting/monoscript/fileName/NetworkMetricsContext.cs: a6b40bde08ae3073ac47bf4ac43df2bf -> 
  custom:scripting/monoscript/fileName/Sse2.cs: 790f25d56fba1e7a48c0a0766c0ad6a6 -> 
  custom:scripting/monoscript/fileName/SpawnStateException.cs: d1fd3409f01fcb9be2d92f83c533701b -> 
  custom:scripting/monoscript/fileName/math.cs: 3e1f77dfafdda862ef1fdae58189cdb5 -> 
  custom:scripting/monoscript/fileName/RoslynAnalyzerFix.cs: afe82e9eb31cc2201e3885e0f9b241a3 -> 
  custom:scripting/monoscript/fileName/BurstDisassembler.cs: d51fb062bede2b9ca5d97ccc2e501c19 -> 
  custom:scripting/monoscript/fileName/double4x3.gen.cs: 0f480b77cbe2235a6a07fec4a8104303 -> 
  custom:scripting/monoscript/fileName/NetworkManager.cs: dc86db8fd97ad906d4d587f98282523b -> 
  custom:video-decoder-webm-vp8: 9c59270c3fd7afecdb556c50c9e8de78 -> 
  custom:scripting/monoscript/fileName/NativeHashMap.cs: 0ecf0b5b4a9207402e80b603ad9a119c -> 
  custom:scripting/monoscript/fileName/NetworkContext.cs: 33aca22b6aaa264afdb95b0f787ec6eb -> 
  custom:scripting/monoscript/fileName/BurstPlatformAotSettings.cs: e55a3d6d232eb892da58dcc30668a0b8 -> 
  custom:scripting/monoscript/fileName/ReliableUtility.cs: e188a43572ae343cc5abf780af338947 -> 
  custom:scripting/monoscript/fileName/BurstMath.cs: d94624ee519cab4bff493f67794b1527 -> 
  custom:scripting/monoscript/fileName/float3.gen.cs: 61e461104f30d07064c299c5ac2c9a3e -> 
  custom:scripting/monoscript/fileName/BurstCompileTarget.cs: 5a1d233d747b0d562e7d5017bb80886e -> 
  custom:scripting/monoscript/fileName/CustomMessageManager.cs: 4ed046a118960409ed5f873d7e1c2e1b -> 
  custom:scripting/monoscript/fileName/BurstReflection.cs: a904f9b2bf9ba0accae4702e11f47640 -> 
  custom:scripting/monoscript/fileName/NetworkBehaviour.cs: 470d8ee3c57ebbf75925f970fa900036 -> 
  custom:scripting/monoscript/fileName/int3.gen.cs: f3e7aece5ea81aaaacfae8f3b0dbf645 -> 
  custom:scripting/monoscript/fileName/Constant.cs: 9503cddf79e2a3fdeab51cc0257c4da1 -> 
  custom:scripting/monoscript/fileName/UnityTransportProtocol.cs: c8c411f42307b747bcdab2855e352dcc -> 
  custom:scripting/monoscript/fileName/NEON_ctor.cs: 68ba95faf7f0f0403852fb6af2a2f956 -> 
  custom:scripting/monoscript/fileName/FixedStringFormatMethods.gen.cs: fcdca1abcdc2fd593bd0d11b27b9b2c5 -> 
  custom:scripting/monoscript/fileName/int3x3.gen.cs: dc1405f0f1704a2ec1efb4946b5d5f85 -> 
  custom:scripting/monoscript/fileName/quaternion.cs: 0762c6482396ed4f34408952c0956647 -> 
  custom:scripting/monoscript/fileName/int4x4.gen.cs: e1c5029dddb71a1513ebdf470db7528e -> 
  custom:scripting/monoscript/fileName/RewindableAllocator.cs: ff203a8232e03cdb6b2db057c0882a0f -> 
  custom:scripting/monoscript/fileName/float4x4.gen.cs: a5bb36679a244217e37dd9fb5d3d2ed4 -> 
  custom:scripting/monoscript/fileName/INetworkSerializableILPP.cs: dac3026a3ef1bf8b897646aee1b236ff -> 
  custom:SearchIndexIgnoredProperties: e643bd26f0fe6173181afceb89e7c659 -> 
  custom:scripting/monoscript/fileName/CreateObjectMessage.cs: 48f548aa2583d46ddca4f0d5b8ec00bc -> 
  custom:scripting/monoscript/fileName/double3x4.gen.cs: d3f6959e28d6480d7d5313a2c890e5a1 -> 
  custom:scripting/monoscript/fileName/bool4x3.gen.cs: 3b9b4adbcec8eec926ee3ca5bd1a9e49 -> 
  custom:scripting/monoscript/fileName/BytePacker.cs: 1f03268f301c1074858245210473c9e6 -> 
  custom:AudioImporter_EditorPlatform: 3918e3fc78b5a79bad01e8451be0beb8 -> 
  custom:scripting/monoscript/fileName/PostProcessorAssemblyResolver.cs: 52fdfad72e90bce76f7f726a4de310b8 -> 
  custom:scripting/monoscript/fileName/NetcodeForGameObjectsSettings.cs: c0fb31a1cceb2a21dfeb25ce22eb4519 -> 
  custom:scripting/monoscript/fileName/BurstMenu.cs: ba8f72dcdc01403dc080f70f4b855f19 -> 
  custom:scripting/monoscript/fileName/BufferSerializerWriter.cs: 2135e5db35b5dcf9ddaf677d1376666c -> 
  custom:scripting/monoscript/fileName/UnsafeHashSet.cs: 5e2ab9cfe81e04de31d18dbafae66b8c -> 
  custom:scripting/monoscript/fileName/half4.gen.cs: abea9356568c8480c38dd790db58969d -> 
  custom:scripting/monoscript/fileName/XXHash.cs: b85afc5d6d5dd2bcc7be4d1cd9d4001c -> 
  custom:scripting/monoscript/fileName/NetworkDriver.cs: c78adf1a0dcc3d22c5dee607983cd012 -> 
  custom:scripting/monoscript/fileName/NativeStream.cs: f901789de80a9ec3530751f3f60eb2f8 -> 
  custom:scripting/monoscript/fileName/ChangeOwnershipMessage.cs: e9a065956b97e56545e7ce90157bf718 -> 
  custom:scripting/monoscript/fileName/NetworkAnimator.cs: d529df6c783f4e5d8bd2b49777fa2b70 -> 
  custom:scripting/monoscript/fileName/IgnoreWarningAttribute.cs: 95b6772ff35299aa9927da5e6696b2f1 -> 
  custom:scripting/monoscript/fileName/NotServerException.cs: e7549090787893621f5b712cd26a7ce7 -> 
  custom:scripting/monoscript/fileName/FixedString.gen.cs: 546503330a4423d9e22205762e6dc907 -> 
  custom:scripting/monoscript/fileName/NetworkVariableBase.cs: a8044b6096b938124f933a337521a106 -> 
  custom:scripting/monoscript/fileName/INetworkSerializeByMemcpy.cs: 02e3a255a0b7c13ccb9c8c4908f3fbe4 -> 
  custom:scripting/monoscript/fileName/uint4x3.gen.cs: b01c5cd7a56bd5c67682617427bf7881 -> 
  custom:scripting/monoscript/fileName/NetworkEventQueue.cs: 821ee5df3b5b0b5de6c7d82ae4e0d639 -> 
  custom:scripting/monoscript/fileName/noise2D.cs: 2eb29bf877494e27d7b8d68303a33727 -> 
  custom:scripting/monoscript/fileName/Base64.cs: 8c9045fb9419d92a6de76451e0d2db21 -> 
  custom:scripting/monoscript/fileName/BurstEditorOptions.cs: 9c5afa3a809e97579143a619b525af7f -> 
  custom:scripting/monoscript/fileName/bool2.gen.cs: 26e96b66e2dc8fbd46eb4ce6284c510a -> 
  custom:scripting/monoscript/fileName/NativeList.cs: 3e39181d220491b697fd73718c9e6b89 -> 
  custom:scripting/monoscript/fileName/NetworkSpawnManager.cs: 9fee0c0becfe634a396c61e013f6016e -> 
  custom:scripting/monoscript/fileName/INetworkMessageSender.cs: 52a02c5c5c403cb34cf0b225c71180cc -> 
  custom:scripting/monoscript/fileName/RpcAttributes.cs: 65979e79024122bd4ee298126aadffcf -> 
  custom:scripting/monoscript/fileName/UnsafeHashSetExtensions.gen.cs: 08ce05b79144f37e3fa725c81fe15267 -> 
  custom:scripting/monoscript/fileName/BurstCompileAttribute.cs: f1834e5146c37c3c879fe10d3c8c9e49 -> 
  custom:scripting/monoscript/fileName/ReliableSequencedPipelineStage.cs: 55e26111f0427795e6fc7ed05d10f899 -> 
  custom:scripting/monoscript/fileName/bool3.gen.cs: 5af2629b3ff9dbb3bbfcc70064a35529 -> 
  custom:scripting/monoscript/fileName/uint4x2.gen.cs: b7591412c0d582e5dffe67f85a90dd0a -> 
  custom:scripting/monoscript/fileName/NetworkEndpoint.cs: b1dec3714b9b289f8892ff0123eaeee1 -> 
  custom:scripting/monoscript/fileName/int3x2.gen.cs: 3713def57441460b7d8181bf2ebb068b -> 
  custom:scripting/monoscript/fileName/random.cs: 773187f16d25a3763332e4d0e08067fb -> 
  custom:scripting/monoscript/fileName/RpcParams.cs: d0fc470c30fa433814186ee004593c45 -> 
  custom:scripting/monoscript/fileName/NetworkConstants.cs: c6aed9d6dda697ae574c3b8aa7685e58 -> 
  custom:scripting/monoscript/fileName/NetworkManagerHelper.cs: 78ef2af65b64b9c7486a0908bdddfa87 -> 
  custom:scripting/monoscript/fileName/float4.gen.cs: b782c632ec38515e69077afe722e950b -> 
  custom:scripting/monoscript/fileName/uint3x4.gen.cs: 85b37160b72ca5d09aa390a0ed4ac5d3 -> 
  custom:scripting/monoscript/fileName/RelayMessageDisconnect.cs: 63f8bd8d113e597c01bff5b42683bdd6 -> 
  custom:scripting/monoscript/fileName/GenerateSerializationForGenericParameterAttribute.cs: c089dbab34a4d61f957719358d4f42cd -> 
  custom:scripting/monoscript/fileName/NetworkTimeSystem.cs: 8a36224f4e5af72de8861bc20a662d8d -> 
  custom:scripting/monoscript/fileName/float3x2.gen.cs: c82cdc670988a624afef0b4a59da9960 -> 
  custom:scripting/monoscript/fileName/NetworkObjectEditor.cs: b161d957a620104e1330197b177739ca -> 
  custom:scripting/monoscript/fileName/ByteUnpacker.cs: 904cd14b3f30b92353a7743b06ced28a -> 
  custom:scripting/monoscript/fileName/BurstCompatibleAttribute.cs: 5516bac227e59cc058e743022f755993 -> 
  custom:scripting/monoscript/fileName/INetworkMessageILPP.cs: 6b6f5e9624f5a339c239e9ecbec8dd47 -> 
  custom:scripting/monoscript/fileName/int4x2.gen.cs: 03019ae5b6ae2c22f6bcc41f109a6f3f -> 
  custom:scripting/monoscript/fileName/UnsafeAtomicCounter.cs: 9e2f4dbe854338916842c8ff7fbe03de -> 
  custom:scripting/monoscript/fileName/NetworkUpdateLoop.cs: b8256c767b5a355322affc063e3326dd -> 
  custom:scripting/monoscript/fileName/FixedStringMethods.cs: fcdca1abcdc2fd593bd0d11b27b9b2c5 -> 
  custom:scripting/monoscript/fileName/RelayMessageError.cs: 8067aeb189a135baba30f5616af8f7d0 -> 
  custom:scripting/monoscript/fileName/NetworkPrefabs.cs: bfa337434e2a01edeaa8bb75f2aa274d -> 
  custom:scripting/monoscript/fileName/double3.gen.cs: 377c7acd7948bf71aea5d8cf8236ee9b -> 
  custom:scripting/monoscript/fileName/UnsafeNotBurstCompatible.cs: 9920b2dcf54d07855dc87b05b9a22299 -> 
  custom:scripting/monoscript/fileName/SkipLocalsInitAttribute.cs: e4f8d5a888902955673e1ed6a9dfb76a -> 
  custom:framework-osx-AVFoundation: e770b220cccbd017edd2c1fefb359320 -> 
  custom:scripting/monoscript/fileName/AssumeRangeAttribute.cs: d3abc900d6b7c73addcf3398d2779a03 -> 
  custom:scripting/monoscript/fileName/NetworkDeltaPosition.cs: d0e208809001a67de8980e21044d4912 -> 
  custom:scripting/monoscript/fileName/Fma.cs: 550ccd401d2d76d5e362c6ec284ceeaa -> 
  custom:scripting/monoscript/fileName/RelayServerData.cs: d2d8dc285f830ad4928018166de595e6 -> 
  custom:scripting/monoscript/fileName/Sse.cs: 790f25d56fba1e7a48c0a0766c0ad6a6 -> 
  custom:scripting/monoscript/fileName/RpcMessages.cs: 37f8a08ac1ae7d67dafcfd0abcac86b5 -> 
  custom:scripting/monoscript/fileName/ByteUtility.cs: 139878367860a1da7de1331b53a6120c -> 
  custom:scripting/monoscript/fileName/VisibilityChangeException.cs: 0271e1394f438dff28e3ebcdf75e74aa -> 
  custom:scripting/monoscript/fileName/FixedStringInternalMethods.cs: fcdca1abcdc2fd593bd0d11b27b9b2c5 -> 
  custom:scripting/monoscript/fileName/PostProcessorReflectionImporter.cs: 515038af6ae3bfe26acd479f4bb2a0b4 -> 
  custom:scripting/monoscript/fileName/HiddenScriptEditor.cs: e928d67789d50b895e87f77064dc3177 -> 
  custom:scripting/monoscript/fileName/uint2.gen.cs: f442e48493395c3c057fa324c1ed7700 -> 
  custom:scripting/monoscript/fileName/AssemblyResolver.cs: d02bbd84bf24106c236ab13c6c3d719f -> 
  custom:scripting/monoscript/fileName/DirectSendRpcTarget.cs: 185935914d4a4d7c5b1a5cf9baec4cb9 -> 
  custom:scripting/monoscript/fileName/float2x3.gen.cs: dd8be2164b904b64628efafb474868f4 -> 
  custom:scripting/monoscript/fileName/cellular2x2x2.cs: 2eb29bf877494e27d7b8d68303a33727 -> 
  custom:scripting/monoscript/fileName/matrix.cs: 17bd875ecbf69296bc7f1415237b5bf7 -> 
  custom:video-encoder-webm-vp8: eb34c28f22e8b96e1ab97ce403110664 -> 
  custom:scripting/monoscript/fileName/CodeGenHelpers.cs: e3d8869d3146a88f879599439ae62797 -> 
  custom:scripting/monoscript/fileName/Sse4_2.cs: 550ccd401d2d76d5e362c6ec284ceeaa -> 
  custom:scripting/monoscript/fileName/DataStream.cs: 616e9e4f6d72be91b635abd0245635e9 -> 
  custom:scripting/monoscript/fileName/cellular3D.cs: 2eb29bf877494e27d7b8d68303a33727 -> 
  custom:scripting/monoscript/fileName/NetworkPrefabsEditor.cs: f4e95db7326d1b249ebe7a636cdc5947 -> 
  custom:scripting/monoscript/fileName/BufferedLinearInterpolator.cs: 43b43538502e321934de3cab9e663a70 -> 
  custom:scripting/monoscript/fileName/NetworkParams.cs: 3d9ef90f50f31629c0eed901a2880111 -> 
  custom:scripting/monoscript/fileName/BaselibNetworkInterface.cs: ba97e74dd48df9864200353d6734815d -> 
  custom:scripting/monoscript/fileName/bool3x4.gen.cs: dd64119ecce8747c9d345fc62ed63bff -> 
  custom:scripting/monoscript/fileName/NEON.cs: 68ba95faf7f0f0403852fb6af2a2f956 -> 
  custom:audio-decoder-ogg-vorbis: bf7c407c2cedff20999df2af8eb42d56 -> 
  custom:scripting/monoscript/fileName/NativeText.gen.cs: 963d74023cd13b0e64909bb76f1d047a -> 
  custom:scripting/monoscript/fileName/int2x3.gen.cs: 377af658550da76bc0efa7c5a755eb90 -> 
  custom:scripting/monoscript/fileName/ConcurrentMask.cs: d56a0fef284c9e5059f89974aedb695c -> 
  custom:scripting/monoscript/fileName/MessageMetadata.cs: daa480dc4a17735fa59bb7753388c88b -> 
  custom:scripting/monoscript/fileName/Avx.cs: 790f25d56fba1e7a48c0a0766c0ad6a6 -> 
  custom:scripting/monoscript/fileName/NativeReference.cs: 707aa775b4e3cc858cb239cb84a29e93 -> 
  custom:scripting/monoscript/fileName/UnreliableSequencedPipelineStage.cs: 1cdc2db533fd37672ea69d5662917b06 -> 
  custom:scripting/monoscript/fileName/RpcTarget.cs: 447ef11bd995dac69ad5dd63fe34bbd3 -> 
  custom:scripting/monoscript/fileName/ForceNetworkSerializeByMemcpy.cs: 90647cc400823b41df847a6cbfc29026 -> 
  custom:scripting/monoscript/fileName/ProxyRpcTarget.cs: 2a52866f11ec283de99c4729578f3152 -> 
  custom:scripting/monoscript/fileName/Popcnt.cs: 790f25d56fba1e7a48c0a0766c0ad6a6 -> 
  custom:scripting/monoscript/fileName/NotOwnerRpcTarget.cs: 3e4ddc40ccccb33581cde85ea60da5da -> 
  custom:scripting/monoscript/fileName/BaseRpcTarget.cs: 8e8647cce94e73ffcc7dd36c624391ce -> 
  custom:scripting/monoscript/fileName/UnsafeHashMap.cs: b3f5721fae0d7c31e90553a3a7b10d6f -> 
  custom:scripting/monoscript/fileName/Ssse3.cs: 790f25d56fba1e7a48c0a0766c0ad6a6 -> 
  custom:scripting/monoscript/fileName/DestroyObjectMessage.cs: 15a670d028872294a71fb552cc121054 -> 
  custom:scripting/monoscript/fileName/IGroupRpcTarget.cs: 113d2db1730b4117960702559855cbeb -> 
  custom:scripting/monoscript/fileName/NativeNotBurstCompatible.cs: 8e8b404b4fa69e1b7cea25947e47b9bd -> 
  custom:scripting/monoscript/fileName/double2x4.gen.cs: 685c5fa921181be1c5c2624181389ad3 -> 
  custom:scripting/monoscript/fileName/ILPostProcessingLegacy.cs: 1474151453fb056da8fe50e6cda891db -> 
  custom:scripting/monoscript/fileName/NetworkBehaviourUpdater.cs: 1d6a04b0c9830845c8dffcd0d7dc518b -> 
  custom:scripting/monoscript/fileName/NetworkObject.cs: c0ee3651b3dd6fe1d13f1139bcf71861 -> 
  custom:scripting/monoscript/fileName/uint4.gen.cs: 39973cd09553f87c6828ba478621c98d -> 
  custom:scripting/monoscript/fileName/cellular2D.cs: 2eb29bf877494e27d7b8d68303a33727 -> 
  custom:scripting/monoscript/fileName/UnsafeRingQueue.cs: beeb81b22bb86e018042f1eea3e37e38 -> 
  custom:scripting/monoscript/fileName/BaselibNetworkArray.cs: f7e7d62e1934b21465c75f7a44dab169 -> 
  custom:scripting/monoscript/fileName/BufferSerializer.cs: 90647cc400823b41df847a6cbfc29026 -> 
  custom:scripting/monoscript/fileName/double2x3.gen.cs: 2fbeb18c538397a8260f5c41cab0741e -> 
  custom:scripting/monoscript/fileName/BitCounter.cs: 548f751b1625798af97aad19d8dc1023 -> 
  custom:scripting/monoscript/fileName/ComponentFactory.cs: 14bb3cb9c435887d692ae3506125ec6b -> 
  custom:scripting/monoscript/fileName/InvalidParentException.cs: 993f25198a317e590068e96e262f6354 -> 
  custom:scripting/monoscript/fileName/RelayHMACKey.cs: 0a11fe2bda777ba273883ca0c3f24b7e -> 
  custom:scripting/monoscript/fileName/int3x4.gen.cs: 8460bfcadb3ac350c26daa6b9595294c -> 
  custom:scripting/monoscript/fileName/noise4D.cs: 2eb29bf877494e27d7b8d68303a33727 -> 
  custom:scripting/monoscript/fileName/IReaderWriter.cs: e423429d8b3776a14f7b467db3885d63 -> 
  custom:scripting/monoscript/fileName/NetworkTickSystem.cs: c303f1a7c88c965a36e83d6097d6804b -> 
  custom:scripting/monoscript/fileName/psrdnoise2D.cs: 2eb29bf877494e27d7b8d68303a33727 -> 
  custom:scripting/monoscript/fileName/FixedStringUtils.cs: 114eb023c5774372990da700f8c2456f -> 
  custom:scripting/monoscript/fileName/ConnectionRequestMessage.cs: e11d6d3527440624515f05f3967e0f75 -> 
  custom:scripting/monoscript/fileName/BurstILPostProcessor.cs: caa97838ab13c1add4a98ae3f9820b7e -> 
  custom:scripting/monoscript/fileName/F16C.cs: 790f25d56fba1e7a48c0a0766c0ad6a6 -> 
  custom:scripting/monoscript/fileName/NativeBitArray.cs: 744f6e29d77560522710809b14557136 -> 
  custom:scripting/monoscript/fileName/NetworkBehaviourReference.cs: e857ea89c7cb42d42460461ea5d76006 -> 
  custom:scripting/monoscript/fileName/QuaternionDrawer.cs: 11323f18a038f5e869f0b55e53c54a31 -> 
  custom:scripting/monoscript/fileName/NativeMultiHashMap.cs: 232e6e149bb81d9963c795b02084c8f4 -> 
  custom:scripting/monoscript/fileName/NetworkClient.cs: fb29c40ba2505e699f65ff4654af4d54 -> 
  custom:scripting/monoscript/fileName/Memory.cs: 24fa5e8e684139a9a6b2bb764c620a28 -> 
  custom:scripting/monoscript/fileName/xxHash3.StreamingState.cs: 73af6f62e3ccfaecb2c43562b8c60a23 -> 
  custom:scripting/monoscript/fileName/UnsafeList.cs: d4153fc6c06f3c788b1e8373e28421fd -> 
  custom:scripting/monoscript/fileName/BurstAssemblyDisable.cs: b6ce5635cda12e16b9d3052a32a53ef4 -> 
  custom:scripting/monoscript/fileName/CollectionsExamples.cs: 5c3c7e50116fce8e4387bbf68d9603e4 -> 
  custom:scripting/monoscript/fileName/HalfVector3.cs: ac9bc2d1b8640d4ccb0d1df94db69e52 -> 
  custom:scripting/monoscript/fileName/common.cs: 2eb29bf877494e27d7b8d68303a33727 -> 
  custom:scripting/monoscript/fileName/IPCNetworkInterface.cs: edd45f2f3d4a1467bbcd6370a5251934 -> 
  custom:scripting/monoscript/fileName/TransportFunctionPointer.cs: 90647cc400823b41df847a6cbfc29026 -> 
  custom:audio-encoder-webm-vorbis: bf7c407c2cedff20999df2af8eb42d56 -> 
  custom:scripting/monoscript/fileName/uint2x2.gen.cs: ef58eafb69337704525106c30b2f9c86 -> 
  custom:scripting/monoscript/fileName/ReleasedNetworkId.cs: 5c69d1641d908cf6b6e3b619d8fba892 -> 
  custom:scripting/monoscript/fileName/IPCManager.cs: 6c08f025fb5d831a58fe190e7e0758ff -> 
  custom:scripting/monoscript/fileName/BurstString.Float.cs: f7cf2d4ac32cd23a2133a777bc8e9bdf -> 
  custom:scripting/monoscript/fileName/float3x3.gen.cs: 48f350102ac697de2455487383306e62 -> 
  custom:scripting/monoscript/fileName/BurstCompilerOptions.cs: 462794c2cc7370a72a60909850bd4bd6 -> 
  custom:scripting/monoscript/fileName/GenerateSerializationForTypeAttribute.cs: 48c7023597b4c6f3b6eafa279b9d2d23 -> 
  custom:scripting/monoscript/fileName/float2.gen.cs: 6120954cdb3e1af6bb1e798ca56424e4 -> 
  custom:scripting/monoscript/fileName/bool3x3.gen.cs: f3dd982fcc1d0b33ec635c43c306a1b8 -> 
  custom:scripting/monoscript/fileName/FragmentationUtility.cs: 1e633bbb1b5694fcd744011c97aacc86 -> 
  custom:scripting/monoscript/fileName/FragmentationPipelineStage.cs: f5c80d6bb8a2010baf914912a146535d -> 
  custom:scripting/monoscript/fileName/LongTextArea.cs: 4c687402ecd5f2af3a470023aff89eca -> 
  custom:scripting/monoscript/fileName/BurstDisassembler.Core.LLVMIR.info.cs: b15d06942db1ac71042be253eef84e7f -> 
  custom:scripting/monoscript/fileName/HalfVector4.cs: 203e830c874ce5d56d1d4c556d650cd4 -> 
  custom:scripting/monoscript/fileName/MetricHooks.cs: 3cbfdf603d903a15295cd064934d5e39 -> 
  custom:scripting/monoscript/fileName/NetworkConnection.cs: 3f066405165637e85c0f79e2dac82bb3 -> 
  custom:scripting/monoscript/fileName/IIndividualRpcTarget.cs: e9b72f7552770aa714c96813d0c6188c -> 
  custom:scripting/monoscript/fileName/NEON_AArch64_dotprod.cs: 68ba95faf7f0f0403852fb6af2a2f956 -> 
  custom:scripting/monoscript/fileName/RelayMessageHeader.cs: 3a97bdb09130b853737ceb480d8d8ffa -> 
  custom:scripting/monoscript/fileName/BurstStringSearch.cs: 69d0ecca394873c1593eee16bae2761c -> 
  custom:scripting/monoscript/fileName/NetworkDriverRelayExtensions.cs: cd52b20ca1f7b6857c56d6e088d0a0e1 -> 
  custom:scripting/monoscript/fileName/NetworkTransformEditor.cs: 933db28a74cc8127efd0db778ba31cad -> 
  custom:scripting/monoscript/fileName/NetworkObjectReference.cs: 8743e46bf8664162060711a7e5801101 -> 
  custom:scripting/monoscript/fileName/xxHash3.cs: d876f695d67b3d527466020445c50eb8 -> 
  custom:scripting/monoscript/fileName/double4x2.gen.cs: 530f8410a1ca9a96d8c16e723573cfae -> 
  custom:scripting/monoscript/fileName/DefaultSceneManagerHandler.cs: c6c30a91b1e5a3b7e54576c3b8581893 -> 
  custom:scripting/monoscript/fileName/Attributes.cs: d94dab8e1cad1d516625e289629ba937 -> 9d3861389974f0823e7e341aa6c23dae
  custom:scripting/monoscript/fileName/SecretsLoaderHelper.cs: e9a3b6d7c1263e6b6cab0df3270e0be3 -> 
  custom:scripting/monoscript/fileName/DebugView.cs: 0cdf409b5aa8d4c25876d72b5c6a3b60 -> 
  custom:scripting/monoscript/fileName/UnsafeText.cs: 252c4eef6eb1893b89e3a585d7b05a84 -> 
  custom:scripting/monoscript/fileName/NativeHashSet.cs: 5e2ab9cfe81e04de31d18dbafae66b8c -> 
  custom:scripting/monoscript/fileName/RuntimeAccessModifiersILPP.cs: 710f2fa6999a5d5d2566d32f7c5739b6 -> 
  custom:scripting/monoscript/fileName/PrimitiveVectorDrawer.cs: 3e4cc385215599322653e09117c642ee -> 
  custom:scripting/monoscript/fileName/Sse4_1.cs: 790f25d56fba1e7a48c0a0766c0ad6a6 -> 
  custom:scripting/monoscript/fileName/BurstString.cs: f7cf2d4ac32cd23a2133a777bc8e9bdf -> 
  custom:scripting/monoscript/fileName/BitReader.cs: 49bc3d481da470043a8945e240557501 -> 
  custom:scripting/monoscript/fileName/INetworkSerializable.cs: a80c6eca2e427ab3a50ca08dcab3a083 -> 
  custom:scripting/monoscript/fileName/ListExtensions.cs: 0f96dfdcfd19dc46bb3b974629f04481 -> 
  custom:scripting/monoscript/fileName/NullPipelineStage.cs: cfdd3afb432e431460ddc39ad47d5cac -> 
  custom:scripting/monoscript/fileName/INetworkHooks.cs: b0f6a9717ad435057a76d13a57d82e98 -> 
  custom:scripting/monoscript/fileName/NetworkProtocols.cs: 69ec420e8f7a3ff6155e5a4c7adf9325 -> 
  custom:scripting/monoscript/fileName/NetworkPrefabHandler.cs: ee3fff20f3eb3d51a2c4e3ea26c293d8 -> 
  custom:scripting/monoscript/fileName/CollectionHelper.cs: f2f5ea727aa85849eaae278bca48a36c -> 
  custom:scripting/monoscript/fileName/BufferSerializerReader.cs: dd45efd60602155bcb553ee156111be9 -> 
  custom:scripting/monoscript/fileName/ILPostProcessing.cs: bf24e0d53d12752a069f04d5a4bfdf42 -> 
  custom:scripting/monoscript/fileName/NetworkSceneManager.cs: 96490bda45279c0b3ec3f368d1dd6f07 -> 
  custom:scripting/monoscript/fileName/NetworkRigidbody.cs: 95039632bde9a68d043daff839ccf980 -> 
  custom:scripting/monoscript/fileName/ServerLogMessage.cs: c93ff6a1699a1762d066f036a4ce6711 -> 
========================================================================
Received Import Request.
  Time since last request: 390417.381170 seconds.
  path: Assets/Models/source/2022-09-18_mouth_sketchfab.glb
  artifactKey: Guid(c9eff33c0be4a49178048bd18a6b5a6b) Importer(815301076,1909f56bfc062723c751e8b465ee728b)
Start importing Assets/Models/source/2022-09-18_mouth_sketchfab.glb using Guid(c9eff33c0be4a49178048bd18a6b5a6b) Importer(815301076,1909f56bfc062723c751e8b465ee728b)  -> (artifact id: 'fba022634a5850d28a40a89360b545e4') in 0.009224 seconds
Number of updated asset objects reloaded before import = 0
Number of asset objects unloaded after import = 1
